<?xml version="1.0" encoding="UTF-8"?>
<!-- Generated by org.testng.reporters.JUnitXMLReporter -->
<testsuite hostname="ClaudioCor" ignored="0" name="Configuration Annotation Test" tests="2" failures="0" timestamp="22 Mar 2019 23:44:00 GMT" time="0.019" errors="0">
  <testcase name="searchCustomer" time="0.003" classname="com.automation.chapter3.DemoAnnotation"/>
  <testcase name="searchProduct" time="0.001" classname="com.automation.chapter3.DemoAnnotation"/>
</testsuite> <!-- Configuration Annotation Test -->
